<?xml version="1.0" encoding="UTF-8"?>
<!-- Generated by org.testng.reporters.JUnitReportReporter -->
<testsuite hostname="HANDIQUE-PC" failures="0" tests="2" name="TestNG.TNG_001" time="0.007" errors="0" timestamp="2023-11-02T14:57:09 IST" skipped="0">
  <testcase classname="TestNG.TNG_001" name="Login" time="0.006"/>
  <system-out/>
  <testcase classname="TestNG.TNG_001" name="Launch_url" time="0.001"/>
  <system-out/>
</testsuite> <!-- TestNG.TNG_001 -->
