<?xml version="1.0" encoding="UTF-8"?>
<!-- Generated by org.testng.reporters.JUnitReportReporter -->
<testsuite hostname="HANDIQUE-PC" failures="0" tests="3" name="testCase.LoginTest" time="33.162" errors="0" timestamp="2023-12-23T13:06:23 IST" skipped="0">
  <testcase classname="testCase.LoginTest" name="Validate_login" time="18.817"/>
  <system-out/>
  <testcase classname="testCase.LoginTest" name="Validate_logo" time="7.205"/>
  <system-out/>
  <testcase classname="testCase.LoginTest" name="Validate_SignIn_Link" time="7.140"/>
  <system-out/>
</testsuite> <!-- testCase.LoginTest -->
