<?xml version="1.0" encoding="UTF-8"?>
<!-- Generated by org.testng.reporters.JUnitReportReporter -->
<testsuite hostname="HANDIQUE-PC" failures="0" tests="1" name="testCase.LaunchTest" time="8.348" errors="0" timestamp="2023-11-04T16:38:27 IST" skipped="0">
  <testcase classname="testCase.LaunchTest" name="launch_url" time="8.348"/>
  <system-out/>
</testsuite> <!-- testCase.LaunchTest -->
