<?xml version="1.0" encoding="UTF-8"?>
<!-- Generated by org.testng.reporters.JUnitReportReporter -->
<testsuite hostname="HANDIQUE-PC" failures="0" tests="1" name="TestNG.SimpleLaunchURL" time="19.845" errors="0" timestamp="2023-11-02T15:02:41 IST" skipped="0">
  <testcase classname="TestNG.SimpleLaunchURL" name="launch_url" time="19.845"/>
  <system-out/>
</testsuite> <!-- TestNG.SimpleLaunchURL -->
