<?xml version="1.0" encoding="UTF-8"?>
<!-- Generated by org.testng.reporters.JUnitReportReporter -->
<testsuite hostname="HANDIQUE-PC" failures="0" tests="1" name="testCase.LaunchTest" time="4.049" errors="0" timestamp="2023-12-20T22:27:31 IST" skipped="0">
  <testcase classname="testCase.LaunchTest" name="launch_url" time="4.049"/>
  <system-out/>
</testsuite> <!-- testCase.LaunchTest -->
