<?xml version="1.0" encoding="UTF-8"?>
<!-- Generated by org.testng.reporters.JUnitReportReporter -->
<testsuite hostname="HANDIQUE-PC" failures="0" tests="1" name="testCase.launch" time="4.372" errors="0" timestamp="2023-10-30T22:29:03 IST" skipped="0">
  <testcase classname="testCase.launch" name="launch_url" time="4.372"/>
  <system-out/>
</testsuite> <!-- testCase.launch -->
